


          SolidWorks Corporation - STEP Processor Error Log
          ______________________________________________________

                       STEP Post Processor
                       ___________________


STEP File Name: C:\Users\syoctax\Work\GitIgrebot\meca_2018_robot\Table\RobotCities-2018-BETA-table-v47.step


Les surfaces ont été correctement transformées en un corps volumique.
STEP: entrée terminée.Les surfaces ont été correctement transformées en un corps volumique.
STEP: entrée terminée.Les surfaces ont été correctement transformées en un corps volumique.
STEP: entrée terminée.Les surfaces ont été correctement transformées en un corps volumique.
STEP: entrée terminée.Les surfaces ont été correctement transformées en un corps volumique.
STEP: entrée terminée.Les surfaces ont été correctement transformées en un corps volumique.
STEP: entrée terminée.Les surfaces ont été correctement transformées en un corps volumique.
STEP: entrée terminée.Les surfaces ont été correctement transformées en un corps volumique.
STEP: entrée terminée.Les surfaces ont été correctement transformées en un corps volumique.
STEP: entrée terminée.Les surfaces ont été correctement transformées en un corps volumique.
STEP: entrée terminée.Les surfaces ont été correctement transformées en un corps volumique.
STEP: entrée terminée.Les surfaces ont été correctement transformées en un corps volumique.
STEP: entrée terminée.Les surfaces ont été correctement transformées en un corps volumique.
STEP: entrée terminée.Les surfaces ont été correctement transformées en un corps volumique.
STEP: entrée terminée.Les surfaces ont été correctement transformées en un corps volumique.
STEP: entrée terminée.Les surfaces ont été correctement transformées en un corps volumique.
STEP: entrée terminée.Les surfaces ont été correctement transformées en un corps volumique.
STEP: entrée terminée.Les surfaces ont été correctement transformées en un corps volumique.
STEP: entrée terminée.Les surfaces ont été correctement transformées en un corps volumique.
STEP: entrée terminée.Les surfaces ont été correctement transformées en un corps volumique.
STEP: entrée terminée.Les surfaces ont été correctement transformées en un corps volumique.
STEP: entrée terminée.Les surfaces ont été correctement transformées en un corps volumique.
STEP: entrée terminée.Les surfaces ont été correctement transformées en un corps volumique.
STEP: entrée terminée.Les surfaces ont été correctement transformées en un corps volumique.
STEP: entrée terminée.Les surfaces ont été correctement transformées en un corps volumique.
STEP: entrée terminée.Les surfaces ont été correctement transformées en un corps volumique.
STEP: entrée terminée.Les surfaces ont été correctement transformées en un corps volumique.
STEP: entrée terminée.Les surfaces ont été correctement transformées en un corps volumique.
STEP: entrée terminée.Les surfaces ont été correctement transformées en un corps volumique.
STEP: entrée terminée.Les surfaces ont été correctement transformées en un corps volumique.
STEP: entrée terminée.Les surfaces ont été correctement transformées en un corps volumique.
STEP: entrée terminée.Les surfaces ont été correctement transformées en un corps volumique.
STEP: entrée terminée.Les surfaces ont été correctement transformées en un corps volumique.
STEP: entrée terminée.Les surfaces ont été correctement transformées en un corps volumique.
STEP: entrée terminée.Les surfaces ont été correctement transformées en un corps volumique.
STEP: entrée terminée.Les surfaces ont été correctement transformées en un corps volumique.
STEP: entrée terminée.Les surfaces ont été correctement transformées en un corps volumique.
STEP: entrée terminée.Les surfaces ont été correctement transformées en un corps volumique.
STEP: entrée terminée.Les surfaces ont été correctement transformées en un corps volumique.
STEP: entrée terminée.Les surfaces ont été correctement transformées en un corps volumique.
STEP: entrée terminée.Les surfaces ont été correctement transformées en un corps volumique.
STEP: entrée terminée.Les surfaces ont été correctement transformées en un corps volumique.
STEP: entrée terminée.Les surfaces ont été correctement transformées en un corps volumique.
STEP: entrée terminée.Les surfaces ont été correctement transformées en un corps volumique.
STEP: entrée terminée.Les surfaces ont été correctement transformées en un corps volumique.
STEP: entrée terminée.Les surfaces ont été correctement transformées en un corps volumique.
STEP: entrée terminée.Les surfaces ont été correctement transformées en un corps volumique.
STEP: entrée terminée.
Error: Ne peut pas créer de volume à partir de surfaces ajustées.
STEP: entrée n'a pas été terminée correctement.
Les surfaces ont été correctement transformées en un corps volumique.
STEP: entrée terminée.Les surfaces ont été correctement transformées en un corps volumique.
STEP: entrée terminée.Les surfaces ont été correctement transformées en un corps volumique.
STEP: entrée terminée.